{"level":"info","timestamp":"2026-04-14T12:31:52.688+0200","caller":"middlewares/logger_middleware.go:36","msg":"http_request","method":"GET","path":"/auth/regist","status":404,"duration":0}
{"level":"info","timestamp":"2026-04-14T12:31:57.578+0200","caller":"middlewares/logger_middleware.go:36","msg":"http_request","method":"GET","path":"/auth/regist","status":404,"duration":0}
{"level":"info","timestamp":"2026-04-14T12:34:46.922+0200","caller":"middlewares/logger_middleware.go:36","msg":"http_request","method":"GET","path":"/auth/regist","status":404,"duration":0}
{"level":"info","timestamp":"2026-04-14T12:36:07.374+0200","caller":"middlewares/logger_middleware.go:36","msg":"http_request","method":"GET","path":"/auth/register","status":404,"duration":0}
{"level":"info","timestamp":"2026-04-14T12:36:33.741+0200","caller":"middlewares/logger_middleware.go:36","msg":"http_request","method":"GET","path":"/auth/login","status":404,"duration":0}
{"level":"info","timestamp":"2026-04-14T12:36:42.512+0200","caller":"middlewares/logger_middleware.go:36","msg":"http_request","method":"GET","path":"/","status":404,"duration":0}
{"level":"info","timestamp":"2026-04-14T12:36:48.533+0200","caller":"middlewares/logger_middleware.go:36","msg":"http_request","method":"GET","path":"/hello","status":200,"duration":0.0005314}
{"level":"info","timestamp":"2026-04-14T12:37:20.885+0200","caller":"middlewares/logger_middleware.go:36","msg":"http_request","method":"GET","path":"/auth/register","status":404,"duration":0}
{"level":"info","timestamp":"2026-04-14T12:38:30.418+0200","caller":"middlewares/logger_middleware.go:36","msg":"http_request","method":"POST","path":"/auth/register","status":201,"duration":0.0905992}
{"level":"info","timestamp":"2026-04-14T12:41:32.671+0200","caller":"middlewares/logger_middleware.go:36","msg":"http_request","method":"GET","path":"/users/1","status":404,"duration":0}
{"level":"info","timestamp":"2026-04-14T12:42:18.859+0200","caller":"middlewares/logger_middleware.go:36","msg":"http_request","method":"GET","path":"/users","status":404,"duration":0}
{"level":"info","timestamp":"2026-04-14T12:42:25.494+0200","caller":"middlewares/logger_middleware.go:36","msg":"http_request","method":"GET","path":"/users/1","status":404,"duration":0}
{"level":"info","timestamp":"2026-04-14T12:45:57.079+0200","caller":"middlewares/logger_middleware.go:36","msg":"http_request","method":"GET","path":"/users/1","status":404,"duration":0}
{"level":"info","timestamp":"2026-04-14T12:46:21.049+0200","caller":"middlewares/logger_middleware.go:36","msg":"http_request","method":"GET","path":"/api/users/1","status":200,"duration":0.0028396}
{"level":"info","timestamp":"2026-04-14T12:47:12.417+0200","caller":"middlewares/logger_middleware.go:36","msg":"http_request","method":"PUT","path":"/api/users/1","status":400,"duration":0}
{"level":"info","timestamp":"2026-04-14T12:47:55.906+0200","caller":"middlewares/logger_middleware.go:36","msg":"http_request","method":"PUT","path":"/api/users/1","status":200,"duration":0.0606482}
{"level":"info","timestamp":"2026-04-14T12:48:12.402+0200","caller":"middlewares/logger_middleware.go:36","msg":"http_request","method":"GET","path":"/api/users","status":403,"duration":0}
{"level":"info","timestamp":"2026-04-14T12:48:31.731+0200","caller":"middlewares/logger_middleware.go:36","msg":"http_request","method":"GET","path":"/auth/refresh","status":404,"duration":0}
{"level":"info","timestamp":"2026-04-14T12:48:41.644+0200","caller":"middlewares/logger_middleware.go:36","msg":"http_request","method":"POST","path":"/auth/refresh","status":400,"duration":0}
{"level":"info","timestamp":"2026-04-14T12:49:54.677+0200","caller":"middlewares/logger_middleware.go:36","msg":"http_request","method":"GET","path":"/hello","status":404,"duration":0}
{"level":"info","timestamp":"2026-04-14T12:51:15.435+0200","caller":"middlewares/logger_middleware.go:36","msg":"http_request","method":"POST","path":"/auth/refresh","status":200,"duration":0.0035969}
{"level":"info","timestamp":"2026-04-14T12:51:59.968+0200","caller":"middlewares/logger_middleware.go:36","msg":"http_request","method":"GET","path":"/api/users","status":403,"duration":0.0007621}
{"level":"warn","timestamp":"2026-04-14T13:27:15.025+0200","caller":"middlewares/auth_middleware.go:43","msg":"auth_request","error":"token invalide ou expiré"}
{"level":"info","timestamp":"2026-04-14T13:27:15.025+0200","caller":"middlewares/logger_middleware.go:36","msg":"http_request","method":"GET","path":"/api/users","status":401,"duration":0}
{"level":"info","timestamp":"2026-04-14T14:31:04.164+0200","caller":"middlewares/logger_middleware.go:36","msg":"http_request","method":"POST","path":"/auth/refresh","status":400,"duration":0}
{"level":"info","timestamp":"2026-04-14T14:31:34.021+0200","caller":"middlewares/logger_middleware.go:36","msg":"http_request","method":"POST","path":"/auth/refresh","status":200,"duration":0.0099326}
{"level":"info","timestamp":"2026-04-14T14:32:22.068+0200","caller":"middlewares/logger_middleware.go:36","msg":"http_request","method":"GET","path":"/api/users","status":200,"duration":0.0043236}
