{"level":"info","timestamp":"2026-04-17T11:49:47.325+0200","caller":"database/database.go:34","msg":"Connecté à PostgreSQL"}
{"level":"info","timestamp":"2026-04-17T11:49:47.348+0200","caller":"database/database.go:69","msg":"Migration effectuée"}
{"level":"info","timestamp":"2026-04-17T11:49:47.349+0200","caller":"router/router.go:20","msg":"Allowed origins for CORS","origins":["http://localhost:5173"]}
{"level":"info","timestamp":"2026-04-17T11:49:47.385+0200","caller":"middlewares/logger_middleware.go:36","msg":"http_request","method":"GET","path":"/ping","status":200,"duration":0.0005193}
{"level":"info","timestamp":"2026-04-17T11:49:55.538+0200","caller":"handlers/auth_handler.go:91","msg":"Token refreshed successfully","refresh_token":"eyJhbGciOiJIUzI1NiIsInR5cCI6IkpXVCJ9.eyJleHAiOjE3NzY5NDIxNzgsInVzZXJfaWQiOjF9.ga3r6buVPvl9hEO4LlTEhWMuGqODIc7Ms_3V589X0CM"}
{"level":"info","timestamp":"2026-04-17T11:49:55.539+0200","caller":"middlewares/logger_middleware.go:36","msg":"http_request","method":"POST","path":"/auth/refresh","status":200,"duration":0.0074635}
{"level":"info","timestamp":"2026-04-17T11:49:55.564+0200","caller":"handlers/user_handler.go:48","msg":"GetCurrentUser - user retrieved successfully","user_id":1}
{"level":"info","timestamp":"2026-04-17T11:49:55.564+0200","caller":"middlewares/logger_middleware.go:36","msg":"http_request","method":"GET","path":"/api/users/me","status":200,"duration":0.0019473}
{"level":"info","timestamp":"2026-04-17T11:49:55.585+0200","caller":"handlers/user_handler.go:35","msg":"GetUsers - users retrieved successfully","count":2}
{"level":"info","timestamp":"2026-04-17T11:49:55.586+0200","caller":"middlewares/logger_middleware.go:36","msg":"http_request","method":"GET","path":"/api/users","status":200,"duration":0.0021381}
{"level":"info","timestamp":"2026-04-17T11:50:20.476+0200","caller":"middlewares/logger_middleware.go:36","msg":"http_request","method":"GET","path":"/ping","status":200,"duration":0}
{"level":"info","timestamp":"2026-04-17T11:53:34.688+0200","caller":"handlers/auth_handler.go:91","msg":"Token refreshed successfully","refresh_token":"eyJhbGciOiJIUzI1NiIsInR5cCI6IkpXVCJ9.eyJleHAiOjE3NzY5NDIxNzgsInVzZXJfaWQiOjF9.ga3r6buVPvl9hEO4LlTEhWMuGqODIc7Ms_3V589X0CM"}
{"level":"info","timestamp":"2026-04-17T11:53:34.688+0200","caller":"middlewares/logger_middleware.go:36","msg":"http_request","method":"POST","path":"/auth/refresh","status":200,"duration":0.0031279}
{"level":"info","timestamp":"2026-04-17T11:53:34.697+0200","caller":"handlers/user_handler.go:48","msg":"GetCurrentUser - user retrieved successfully","user_id":1}
{"level":"info","timestamp":"2026-04-17T11:53:34.697+0200","caller":"middlewares/logger_middleware.go:36","msg":"http_request","method":"GET","path":"/api/users/me","status":200,"duration":0.0014688}
{"level":"info","timestamp":"2026-04-17T11:53:34.738+0200","caller":"handlers/user_handler.go:35","msg":"GetUsers - users retrieved successfully","count":2}
{"level":"info","timestamp":"2026-04-17T11:53:34.739+0200","caller":"middlewares/logger_middleware.go:36","msg":"http_request","method":"GET","path":"/api/users","status":200,"duration":0.0017763}
{"level":"info","timestamp":"2026-04-17T11:53:36.606+0200","caller":"middlewares/logger_middleware.go:36","msg":"http_request","method":"GET","path":"/ping","status":200,"duration":0}
{"level":"info","timestamp":"2026-04-17T11:54:03.607+0200","caller":"handlers/auth_handler.go:91","msg":"Token refreshed successfully","refresh_token":"eyJhbGciOiJIUzI1NiIsInR5cCI6IkpXVCJ9.eyJleHAiOjE3NzY5NDIxNzgsInVzZXJfaWQiOjF9.ga3r6buVPvl9hEO4LlTEhWMuGqODIc7Ms_3V589X0CM"}
{"level":"info","timestamp":"2026-04-17T11:54:03.608+0200","caller":"middlewares/logger_middleware.go:36","msg":"http_request","method":"POST","path":"/auth/refresh","status":200,"duration":0.0018019}
{"level":"info","timestamp":"2026-04-17T11:54:03.616+0200","caller":"handlers/user_handler.go:48","msg":"GetCurrentUser - user retrieved successfully","user_id":1}
{"level":"info","timestamp":"2026-04-17T11:54:03.616+0200","caller":"middlewares/logger_middleware.go:36","msg":"http_request","method":"GET","path":"/api/users/me","status":200,"duration":0.0009668}
{"level":"info","timestamp":"2026-04-17T11:54:03.656+0200","caller":"handlers/user_handler.go:35","msg":"GetUsers - users retrieved successfully","count":2}
{"level":"info","timestamp":"2026-04-17T11:54:03.657+0200","caller":"middlewares/logger_middleware.go:36","msg":"http_request","method":"GET","path":"/api/users","status":200,"duration":0.0010308}
{"level":"info","timestamp":"2026-04-17T11:54:05.121+0200","caller":"handlers/auth_handler.go:91","msg":"Token refreshed successfully","refresh_token":"eyJhbGciOiJIUzI1NiIsInR5cCI6IkpXVCJ9.eyJleHAiOjE3NzY5NDIxNzgsInVzZXJfaWQiOjF9.ga3r6buVPvl9hEO4LlTEhWMuGqODIc7Ms_3V589X0CM"}
{"level":"info","timestamp":"2026-04-17T11:54:05.121+0200","caller":"middlewares/logger_middleware.go:36","msg":"http_request","method":"POST","path":"/auth/refresh","status":200,"duration":0.002888}
{"level":"info","timestamp":"2026-04-17T11:54:05.133+0200","caller":"handlers/user_handler.go:48","msg":"GetCurrentUser - user retrieved successfully","user_id":1}
{"level":"info","timestamp":"2026-04-17T11:54:05.133+0200","caller":"middlewares/logger_middleware.go:36","msg":"http_request","method":"GET","path":"/api/users/me","status":200,"duration":0.0012056}
{"level":"info","timestamp":"2026-04-17T11:54:05.185+0200","caller":"middlewares/logger_middleware.go:36","msg":"http_request","method":"GET","path":"/ping","status":200,"duration":0}
{"level":"info","timestamp":"2026-04-17T11:54:08.598+0200","caller":"handlers/auth_handler.go:91","msg":"Token refreshed successfully","refresh_token":"eyJhbGciOiJIUzI1NiIsInR5cCI6IkpXVCJ9.eyJleHAiOjE3NzY5NDIxNzgsInVzZXJfaWQiOjF9.ga3r6buVPvl9hEO4LlTEhWMuGqODIc7Ms_3V589X0CM"}
{"level":"info","timestamp":"2026-04-17T11:54:08.598+0200","caller":"middlewares/logger_middleware.go:36","msg":"http_request","method":"POST","path":"/auth/refresh","status":200,"duration":0.0027582}
{"level":"info","timestamp":"2026-04-17T11:54:08.606+0200","caller":"handlers/user_handler.go:48","msg":"GetCurrentUser - user retrieved successfully","user_id":1}
{"level":"info","timestamp":"2026-04-17T11:54:08.607+0200","caller":"middlewares/logger_middleware.go:36","msg":"http_request","method":"GET","path":"/api/users/me","status":200,"duration":0.0010605}
{"level":"info","timestamp":"2026-04-17T11:54:08.669+0200","caller":"middlewares/logger_middleware.go:36","msg":"http_request","method":"GET","path":"/ping","status":200,"duration":0}
{"level":"info","timestamp":"2026-04-18T00:15:14.816+0200","caller":"handlers/auth_handler.go:91","msg":"Token refreshed successfully","refresh_token":"eyJhbGciOiJIUzI1NiIsInR5cCI6IkpXVCJ9.eyJleHAiOjE3NzY5NDIxNzgsInVzZXJfaWQiOjF9.ga3r6buVPvl9hEO4LlTEhWMuGqODIc7Ms_3V589X0CM"}
{"level":"info","timestamp":"2026-04-18T00:15:14.816+0200","caller":"middlewares/logger_middleware.go:36","msg":"http_request","method":"POST","path":"/auth/refresh","status":200,"duration":0.0037532}
{"level":"info","timestamp":"2026-04-18T00:15:14.825+0200","caller":"handlers/user_handler.go:48","msg":"GetCurrentUser - user retrieved successfully","user_id":1}
{"level":"info","timestamp":"2026-04-18T00:15:14.825+0200","caller":"middlewares/logger_middleware.go:36","msg":"http_request","method":"GET","path":"/api/users/me","status":200,"duration":0.0017536}
{"level":"info","timestamp":"2026-04-18T00:15:14.872+0200","caller":"middlewares/logger_middleware.go:36","msg":"http_request","method":"GET","path":"/ping","status":200,"duration":0}
{"level":"info","timestamp":"2026-04-18T08:15:59.560+0200","caller":"handlers/auth_handler.go:91","msg":"Token refreshed successfully","refresh_token":"eyJhbGciOiJIUzI1NiIsInR5cCI6IkpXVCJ9.eyJleHAiOjE3NzY5NDIxNzgsInVzZXJfaWQiOjF9.ga3r6buVPvl9hEO4LlTEhWMuGqODIc7Ms_3V589X0CM"}
{"level":"info","timestamp":"2026-04-18T08:15:59.561+0200","caller":"middlewares/logger_middleware.go:36","msg":"http_request","method":"POST","path":"/auth/refresh","status":200,"duration":0.0061934}
{"level":"info","timestamp":"2026-04-18T08:15:59.586+0200","caller":"handlers/user_handler.go:48","msg":"GetCurrentUser - user retrieved successfully","user_id":1}
{"level":"info","timestamp":"2026-04-18T08:15:59.586+0200","caller":"middlewares/logger_middleware.go:36","msg":"http_request","method":"GET","path":"/api/users/me","status":200,"duration":0.0017615}
{"level":"info","timestamp":"2026-04-18T08:15:59.722+0200","caller":"middlewares/logger_middleware.go:36","msg":"http_request","method":"GET","path":"/ping","status":200,"duration":0}
{"level":"info","timestamp":"2026-04-18T08:16:55.010+0200","caller":"handlers/auth_handler.go:91","msg":"Token refreshed successfully","refresh_token":"eyJhbGciOiJIUzI1NiIsInR5cCI6IkpXVCJ9.eyJleHAiOjE3NzY5NDIxNzgsInVzZXJfaWQiOjF9.ga3r6buVPvl9hEO4LlTEhWMuGqODIc7Ms_3V589X0CM"}
{"level":"info","timestamp":"2026-04-18T08:16:55.010+0200","caller":"middlewares/logger_middleware.go:36","msg":"http_request","method":"POST","path":"/auth/refresh","status":200,"duration":0.0042723}
{"level":"info","timestamp":"2026-04-18T08:16:55.025+0200","caller":"handlers/user_handler.go:48","msg":"GetCurrentUser - user retrieved successfully","user_id":1}
{"level":"info","timestamp":"2026-04-18T08:16:55.025+0200","caller":"middlewares/logger_middleware.go:36","msg":"http_request","method":"GET","path":"/api/users/me","status":200,"duration":0.0031546}
{"level":"info","timestamp":"2026-04-18T08:16:55.149+0200","caller":"handlers/user_handler.go:35","msg":"GetUsers - users retrieved successfully","count":2}
{"level":"info","timestamp":"2026-04-18T08:16:55.149+0200","caller":"middlewares/logger_middleware.go:36","msg":"http_request","method":"GET","path":"/api/users","status":200,"duration":0.0018738}
{"level":"info","timestamp":"2026-04-18T08:16:56.876+0200","caller":"middlewares/logger_middleware.go:36","msg":"http_request","method":"GET","path":"/ping","status":200,"duration":0}
{"level":"info","timestamp":"2026-04-18T08:20:31.385+0200","caller":"handlers/auth_handler.go:91","msg":"Token refreshed successfully","refresh_token":"eyJhbGciOiJIUzI1NiIsInR5cCI6IkpXVCJ9.eyJleHAiOjE3NzY5NDIxNzgsInVzZXJfaWQiOjF9.ga3r6buVPvl9hEO4LlTEhWMuGqODIc7Ms_3V589X0CM"}
{"level":"info","timestamp":"2026-04-18T08:20:31.385+0200","caller":"middlewares/logger_middleware.go:36","msg":"http_request","method":"POST","path":"/auth/refresh","status":200,"duration":0.0031891}
{"level":"info","timestamp":"2026-04-18T08:20:31.396+0200","caller":"handlers/user_handler.go:48","msg":"GetCurrentUser - user retrieved successfully","user_id":1}
{"level":"info","timestamp":"2026-04-18T08:20:31.396+0200","caller":"middlewares/logger_middleware.go:36","msg":"http_request","method":"GET","path":"/api/users/me","status":200,"duration":0.0016055}
{"level":"info","timestamp":"2026-04-18T08:20:31.452+0200","caller":"middlewares/logger_middleware.go:36","msg":"http_request","method":"GET","path":"/ping","status":200,"duration":0}
{"level":"info","timestamp":"2026-04-18T08:49:27.078+0200","caller":"handlers/auth_handler.go:110","msg":"Logout successful","refresh_token":"eyJhbGciOiJIUzI1NiIsInR5cCI6IkpXVCJ9.eyJleHAiOjE3NzY5NDIxNzgsInVzZXJfaWQiOjF9.ga3r6buVPvl9hEO4LlTEhWMuGqODIc7Ms_3V589X0CM"}
{"level":"info","timestamp":"2026-04-18T08:49:27.079+0200","caller":"middlewares/logger_middleware.go:36","msg":"http_request","method":"POST","path":"/auth/logout","status":200,"duration":0.0298306}
{"level":"error","timestamp":"2026-04-18T08:49:35.762+0200","caller":"handlers/auth_handler.go:79","msg":"RefreshToken - failed to get refresh token","error":"http: named cookie not present"}
{"level":"info","timestamp":"2026-04-18T08:49:35.763+0200","caller":"middlewares/logger_middleware.go:36","msg":"http_request","method":"POST","path":"/auth/refresh","status":401,"duration":0.0010353}
{"level":"info","timestamp":"2026-04-18T08:49:35.837+0200","caller":"middlewares/logger_middleware.go:36","msg":"http_request","method":"GET","path":"/ping","status":200,"duration":0}
{"level":"info","timestamp":"2026-04-18T08:49:45.339+0200","caller":"handlers/auth_handler.go:50","msg":"Login successful","name":"Antoine2"}
{"level":"info","timestamp":"2026-04-18T08:49:45.339+0200","caller":"middlewares/logger_middleware.go:36","msg":"http_request","method":"POST","path":"/auth/login","status":201,"duration":0.1262587}
{"level":"info","timestamp":"2026-04-18T08:49:45.343+0200","caller":"handlers/user_handler.go:48","msg":"GetCurrentUser - user retrieved successfully","user_id":2}
{"level":"info","timestamp":"2026-04-18T08:49:45.343+0200","caller":"middlewares/logger_middleware.go:36","msg":"http_request","method":"GET","path":"/api/users/me","status":200,"duration":0.0009804}
{"level":"info","timestamp":"2026-04-18T08:50:51.222+0200","caller":"handlers/auth_handler.go:110","msg":"Logout successful","refresh_token":"eyJhbGciOiJIUzI1NiIsInR5cCI6IkpXVCJ9.eyJleHAiOjE3NzcwOTk3ODUsInVzZXJfaWQiOjJ9.3OExdVJ5A3MEwBb1LVgyRA11CpFpY1IYmhGFJMrlZz8"}
{"level":"info","timestamp":"2026-04-18T08:50:51.222+0200","caller":"middlewares/logger_middleware.go:36","msg":"http_request","method":"POST","path":"/auth/logout","status":200,"duration":0.004371}
{"level":"error","timestamp":"2026-04-18T08:52:09.565+0200","caller":"handlers/auth_handler.go:79","msg":"RefreshToken - failed to get refresh token","error":"http: named cookie not present"}
{"level":"info","timestamp":"2026-04-18T08:52:09.565+0200","caller":"middlewares/logger_middleware.go:36","msg":"http_request","method":"POST","path":"/auth/refresh","status":401,"duration":0}
{"level":"warn","timestamp":"2026-04-18T08:52:09.604+0200","caller":"middlewares/auth_middleware.go:21","msg":"auth_request","error":"token manquant"}
{"level":"info","timestamp":"2026-04-18T08:52:09.604+0200","caller":"middlewares/logger_middleware.go:36","msg":"http_request","method":"GET","path":"/api/users","status":401,"duration":0}
{"level":"error","timestamp":"2026-04-18T08:52:09.609+0200","caller":"handlers/auth_handler.go:79","msg":"RefreshToken - failed to get refresh token","error":"http: named cookie not present"}
{"level":"info","timestamp":"2026-04-18T08:52:09.609+0200","caller":"middlewares/logger_middleware.go:36","msg":"http_request","method":"POST","path":"/auth/refresh","status":401,"duration":0}
{"level":"error","timestamp":"2026-04-18T08:52:09.814+0200","caller":"handlers/auth_handler.go:79","msg":"RefreshToken - failed to get refresh token","error":"http: named cookie not present"}
{"level":"info","timestamp":"2026-04-18T08:52:09.814+0200","caller":"middlewares/logger_middleware.go:36","msg":"http_request","method":"POST","path":"/auth/refresh","status":401,"duration":0}
{"level":"info","timestamp":"2026-04-18T08:52:09.856+0200","caller":"middlewares/logger_middleware.go:36","msg":"http_request","method":"GET","path":"/ping","status":200,"duration":0}
{"level":"info","timestamp":"2026-04-18T08:53:17.188+0200","caller":"handlers/auth_handler.go:50","msg":"Login successful","name":"Antoine"}
{"level":"info","timestamp":"2026-04-18T08:53:17.188+0200","caller":"middlewares/logger_middleware.go:36","msg":"http_request","method":"POST","path":"/auth/login","status":201,"duration":0.0580959}
{"level":"info","timestamp":"2026-04-18T08:53:17.193+0200","caller":"handlers/user_handler.go:48","msg":"GetCurrentUser - user retrieved successfully","user_id":1}
{"level":"info","timestamp":"2026-04-18T08:53:17.193+0200","caller":"middlewares/logger_middleware.go:36","msg":"http_request","method":"GET","path":"/api/users/me","status":200,"duration":0.0015416}
{"level":"info","timestamp":"2026-04-18T08:53:19.997+0200","caller":"handlers/auth_handler.go:91","msg":"Token refreshed successfully","refresh_token":"eyJhbGciOiJIUzI1NiIsInR5cCI6IkpXVCJ9.eyJleHAiOjE3NzcwOTk5OTcsInVzZXJfaWQiOjF9.l38QbxibzQeTnggr5YwQ0mMvlrkEYuSVAnTGqZTC2XI"}
{"level":"info","timestamp":"2026-04-18T08:53:19.998+0200","caller":"middlewares/logger_middleware.go:36","msg":"http_request","method":"POST","path":"/auth/refresh","status":200,"duration":0.0018251}
{"level":"info","timestamp":"2026-04-18T08:53:20.001+0200","caller":"handlers/user_handler.go:48","msg":"GetCurrentUser - user retrieved successfully","user_id":1}
{"level":"info","timestamp":"2026-04-18T08:53:20.002+0200","caller":"middlewares/logger_middleware.go:36","msg":"http_request","method":"GET","path":"/api/users/me","status":200,"duration":0.001014}
{"level":"info","timestamp":"2026-04-18T08:53:20.012+0200","caller":"handlers/user_handler.go:35","msg":"GetUsers - users retrieved successfully","count":2}
{"level":"info","timestamp":"2026-04-18T08:53:20.012+0200","caller":"middlewares/logger_middleware.go:36","msg":"http_request","method":"GET","path":"/api/users","status":200,"duration":0.002037}
{"level":"info","timestamp":"2026-04-18T08:53:27.162+0200","caller":"middlewares/logger_middleware.go:36","msg":"http_request","method":"GET","path":"/ping","status":200,"duration":0}
{"level":"info","timestamp":"2026-04-18T08:53:30.747+0200","caller":"handlers/auth_handler.go:110","msg":"Logout successful","refresh_token":"eyJhbGciOiJIUzI1NiIsInR5cCI6IkpXVCJ9.eyJleHAiOjE3NzcwOTk5OTcsInVzZXJfaWQiOjF9.l38QbxibzQeTnggr5YwQ0mMvlrkEYuSVAnTGqZTC2XI"}
{"level":"info","timestamp":"2026-04-18T08:53:30.747+0200","caller":"middlewares/logger_middleware.go:36","msg":"http_request","method":"POST","path":"/auth/logout","status":200,"duration":0.0056947}
{"level":"info","timestamp":"2026-04-18T08:53:37.911+0200","caller":"handlers/auth_handler.go:50","msg":"Login successful","name":"Antoine2"}
{"level":"info","timestamp":"2026-04-18T08:53:37.911+0200","caller":"middlewares/logger_middleware.go:36","msg":"http_request","method":"POST","path":"/auth/login","status":201,"duration":0.0587221}
{"level":"info","timestamp":"2026-04-18T08:53:37.916+0200","caller":"handlers/user_handler.go:48","msg":"GetCurrentUser - user retrieved successfully","user_id":2}
{"level":"info","timestamp":"2026-04-18T08:53:37.916+0200","caller":"middlewares/logger_middleware.go:36","msg":"http_request","method":"GET","path":"/api/users/me","status":200,"duration":0.0010107}
{"level":"info","timestamp":"2026-04-18T08:53:57.971+0200","caller":"handlers/auth_handler.go:110","msg":"Logout successful","refresh_token":"eyJhbGciOiJIUzI1NiIsInR5cCI6IkpXVCJ9.eyJleHAiOjE3NzcxMDAwMTcsInVzZXJfaWQiOjJ9.f3PchXygJtsA211Kom90zroT5sBrXpM0kTVAiEX1j6I"}
{"level":"info","timestamp":"2026-04-18T08:53:57.971+0200","caller":"middlewares/logger_middleware.go:36","msg":"http_request","method":"POST","path":"/auth/logout","status":200,"duration":0.0060013}
{"level":"error","timestamp":"2026-04-18T09:17:53.173+0200","caller":"handlers/auth_handler.go:79","msg":"RefreshToken - failed to get refresh token","error":"http: named cookie not present"}
{"level":"info","timestamp":"2026-04-18T09:17:53.174+0200","caller":"middlewares/logger_middleware.go:36","msg":"http_request","method":"POST","path":"/auth/refresh","status":401,"duration":0.0016326}
{"level":"info","timestamp":"2026-04-18T09:17:53.204+0200","caller":"middlewares/logger_middleware.go:36","msg":"http_request","method":"GET","path":"/ping","status":200,"duration":0}
